<?xml version="1.0" encoding="UTF-8"?>
<testsuite xmlns:xsi="http://www.w3.org/2001/XMLSchema-instance" xsi:noNamespaceSchemaLocation="https://maven.apache.org/surefire/maven-surefire-plugin/xsd/surefire-test-report.xsd" name="org.wit.controllers.MeasurementTrackerAPITest" time="69.673" tests="14" errors="0" skipped="0" failures="0">
  <properties>
[...]
</properties>
  <testcase name="add a measurement when a user exists for it, returns a 201 response" classname="org.wit.controllers.MeasurementTrackerAPITest$CreateMeasurements" time="7.517"/>
  <testcase name="add a measurement when no user exists for it, returns a 404 response" classname="org.wit.controllers.MeasurementTrackerAPITest$CreateMeasurements" time="1.955"/>
  <testcase name="get measurement by measurement id when measurement exists returns 200 response" classname="org.wit.controllers.MeasurementTrackerAPITest$ReadMeasurements" time="6.254"/>
  <testcase name="get all measurements by user id when user and measurements exists returns 200 response" classname="org.wit.controllers.MeasurementTrackerAPITest$ReadMeasurements" time="16.841"/>
  <testcase name="get measurement by measurement id when no measurement exists returns 404 response" classname="org.wit.controllers.MeasurementTrackerAPITest$ReadMeasurements" time="0.993"/>
  <testcase name="get all measurements by user id when no measurements exist returns 404 response" classname="org.wit.controllers.MeasurementTrackerAPITest$ReadMeasurements" time="4.515"/>
  <testcase name="get all measurements by user id when no user exists returns 404 response" classname="org.wit.controllers.MeasurementTrackerAPITest$ReadMeasurements" time="1.626"/>
  <testcase name="get all measurements from the database returns 200 or 404 response" classname="org.wit.controllers.MeasurementTrackerAPITest$ReadMeasurements" time="0.972"/>
  <testcase name="updating an measurement by measurement id when it exists, returns 204 response" classname="org.wit.controllers.MeasurementTrackerAPITest$UpdateMeasurements" time="7.134"/>
  <testcase name="updating an measurement by measurement id when it doesn&apos;t exist, returns a 404 response" classname="org.wit.controllers.MeasurementTrackerAPITest$UpdateMeasurements" time="1.939"/>
  <testcase name="deleting an measurement by id when it exists, returns a 204 response" classname="org.wit.controllers.MeasurementTrackerAPITest$DeleteMeasurements" time="5.76"/>
  <testcase name="deleting all measurements by userid when it exists, returns a 204 response" classname="org.wit.controllers.MeasurementTrackerAPITest$DeleteMeasurements" time="11.027"/>
  <testcase name="deleting an measurement by measurement id when it doesn&apos;t exist, returns a 404 response" classname="org.wit.controllers.MeasurementTrackerAPITest$DeleteMeasurements" time="0.967"/>
  <testcase name="deleting measurements by user id when it doesn&apos;t exist, returns a 404 response" classname="org.wit.controllers.MeasurementTrackerAPITest$DeleteMeasurements" time="0.975"/>
</testsuite>