<?xml version="1.0" encoding="UTF-8"?>
<testsuite xmlns:xsi="http://www.w3.org/2001/XMLSchema-instance" xsi:noNamespaceSchemaLocation="https://maven.apache.org/surefire/maven-surefire-plugin/xsd/surefire-test-report.xsd" name="org.wit.controllers.MeasurementTrackerAPITest" time="2.051" tests="14" errors="14" skipped="0" failures="0">
  <properties>
[...]
</properties>
  <testcase name="add a measurement when a user exists for it, returns a 201 response" classname="org.wit.controllers.MeasurementTrackerAPITest$CreateMeasurements" time="0.429">
    <error type="java.lang.ExceptionInInitializerError">java.lang.ExceptionInInitializerError
	at org.wit.controllers.MeasurementTrackerAPITest$CreateMeasurements.add a measurement when a user exists for it, returns a 201 response(MeasurementTrackerAPITest.kt:26)
Caused by: java.lang.RuntimeException: Port already in use. Make sure no other process is using port 7000 and try again.
	at org.wit.controllers.MeasurementTrackerAPITest$CreateMeasurements.add a measurement when a user exists for it, returns a 201 response(MeasurementTrackerAPITest.kt:26)
Caused by: java.io.IOException: Failed to bind to 0.0.0.0/0.0.0.0:7000
	at org.wit.controllers.MeasurementTrackerAPITest$CreateMeasurements.add a measurement when a user exists for it, returns a 201 response(MeasurementTrackerAPITest.kt:26)
Caused by: java.net.BindException: Address already in use: bind
	at org.wit.controllers.MeasurementTrackerAPITest$CreateMeasurements.add a measurement when a user exists for it, returns a 201 response(MeasurementTrackerAPITest.kt:26)
</error>
    <system-err><![CDATA[[main] INFO org.wit.config.DbConfig - Starting DB Connection...
[main] INFO org.wit.config.DbConfig - DbConfig name = d75u9glj5k4v13
[main] INFO org.wit.config.DbConfig - DbConfig url = jdbc:postgresql://ec2-54-172-169-87.compute-1.amazonaws.com:5432/d75u9glj5k4v13?sslmode=require
[main] INFO org.eclipse.jetty.util.log - Logging initialized @2718ms to org.eclipse.jetty.util.log.Slf4jLog
[main] INFO io.javalin.Javalin - 
           __                      __ _
          / /____ _ _   __ ____ _ / /(_)____
     __  / // __ `/| | / // __ `// // // __ \
    / /_/ // /_/ / | |/ // /_/ // // // / / /
    \____/ \__,_/  |___/ \__,_//_//_//_/ /_/

        https://javalin.io/documentation

[main] INFO io.javalin.Javalin - Starting Javalin ...
[main] ERROR io.javalin.Javalin - Failed to start Javalin
[main] INFO io.javalin.Javalin - Stopping Javalin ...
[main] INFO io.javalin.Javalin - Javalin has stopped
]]></system-err>
  </testcase>
  <testcase name="add a measurement when no user exists for it, returns a 404 response" classname="org.wit.controllers.MeasurementTrackerAPITest$CreateMeasurements" time="0.016">
    <error message="Could not initialize class org.wit.helpers.FixturesKt" type="java.lang.NoClassDefFoundError">java.lang.NoClassDefFoundError: Could not initialize class org.wit.helpers.FixturesKt
	at org.wit.controllers.MeasurementTrackerAPITest$CreateMeasurements.add a measurement when no user exists for it, returns a 404 response(MeasurementTrackerAPITest.kt:43)
</error>
  </testcase>
  <testcase name="get measurement by measurement id when measurement exists returns 200 response" classname="org.wit.controllers.MeasurementTrackerAPITest$ReadMeasurements" time="0">
    <error message="Could not initialize class org.wit.helpers.FixturesKt" type="java.lang.NoClassDefFoundError">java.lang.NoClassDefFoundError: Could not initialize class org.wit.helpers.FixturesKt
	at org.wit.controllers.MeasurementTrackerAPITest$ReadMeasurements.get measurement by measurement id when measurement exists returns 200 response(MeasurementTrackerAPITest.kt:130)
</error>
  </testcase>
  <testcase name="get all measurements by user id when user and measurements exists returns 200 response" classname="org.wit.controllers.MeasurementTrackerAPITest$ReadMeasurements" time="0">
    <error message="Could not initialize class org.wit.helpers.FixturesKt" type="java.lang.NoClassDefFoundError">java.lang.NoClassDefFoundError: Could not initialize class org.wit.helpers.FixturesKt
	at org.wit.controllers.MeasurementTrackerAPITest$ReadMeasurements.get all measurements by user id when user and measurements exists returns 200 response(MeasurementTrackerAPITest.kt:73)
</error>
  </testcase>
  <testcase name="get measurement by measurement id when no measurement exists returns 404 response" classname="org.wit.controllers.MeasurementTrackerAPITest$ReadMeasurements" time="0.016">
    <error message="Could not initialize class org.wit.helpers.FixturesKt" type="java.lang.NoClassDefFoundError">java.lang.NoClassDefFoundError: Could not initialize class org.wit.helpers.FixturesKt
	at org.wit.controllers.MeasurementTrackerAPITest$ReadMeasurements.get measurement by measurement id when no measurement exists returns 404 response(MeasurementTrackerAPITest.kt:122)
</error>
  </testcase>
  <testcase name="get all measurements by user id when no measurements exist returns 404 response" classname="org.wit.controllers.MeasurementTrackerAPITest$ReadMeasurements" time="0">
    <error message="Could not initialize class org.wit.helpers.FixturesKt" type="java.lang.NoClassDefFoundError">java.lang.NoClassDefFoundError: Could not initialize class org.wit.helpers.FixturesKt
	at org.wit.controllers.MeasurementTrackerAPITest$ReadMeasurements.get all measurements by user id when no measurements exist returns 404 response(MeasurementTrackerAPITest.kt:97)
</error>
  </testcase>
  <testcase name="get all measurements by user id when no user exists returns 404 response" classname="org.wit.controllers.MeasurementTrackerAPITest$ReadMeasurements" time="0">
    <error message="Could not initialize class org.wit.helpers.FixturesKt" type="java.lang.NoClassDefFoundError">java.lang.NoClassDefFoundError: Could not initialize class org.wit.helpers.FixturesKt
	at org.wit.controllers.MeasurementTrackerAPITest$ReadMeasurements.get all measurements by user id when no user exists returns 404 response(MeasurementTrackerAPITest.kt:113)
</error>
  </testcase>
  <testcase name="get all measurements from the database returns 200 or 404 response" classname="org.wit.controllers.MeasurementTrackerAPITest$ReadMeasurements" time="0">
    <error message="Could not initialize class org.wit.helpers.FixturesKt" type="java.lang.NoClassDefFoundError">java.lang.NoClassDefFoundError: Could not initialize class org.wit.helpers.FixturesKt
	at org.wit.controllers.MeasurementTrackerAPITest$ReadMeasurements.get all measurements from the database returns 200 or 404 response(MeasurementTrackerAPITest.kt:60)
</error>
  </testcase>
  <testcase name="updating an measurement by measurement id when it exists, returns 204 response" classname="org.wit.controllers.MeasurementTrackerAPITest$UpdateMeasurements" time="0">
    <error message="Could not initialize class org.wit.helpers.FixturesKt" type="java.lang.NoClassDefFoundError">java.lang.NoClassDefFoundError: Could not initialize class org.wit.helpers.FixturesKt
	at org.wit.controllers.MeasurementTrackerAPITest$UpdateMeasurements.updating an measurement by measurement id when it exists, returns 204 response(MeasurementTrackerAPITest.kt:172)
</error>
  </testcase>
  <testcase name="updating an measurement by measurement id when it doesn&apos;t exist, returns a 404 response" classname="org.wit.controllers.MeasurementTrackerAPITest$UpdateMeasurements" time="0">
    <error message="Could not initialize class org.wit.helpers.FixturesKt" type="java.lang.NoClassDefFoundError">java.lang.NoClassDefFoundError: Could not initialize class org.wit.helpers.FixturesKt
	at org.wit.controllers.MeasurementTrackerAPITest$UpdateMeasurements.updating an measurement by measurement id when it doesn't exist, returns a 404 response(MeasurementTrackerAPITest.kt:157)
</error>
  </testcase>
  <testcase name="deleting an measurement by id when it exists, returns a 204 response" classname="org.wit.controllers.MeasurementTrackerAPITest$DeleteMeasurements" time="0.015">
    <error message="Could not initialize class org.wit.helpers.FixturesKt" type="java.lang.NoClassDefFoundError">java.lang.NoClassDefFoundError: Could not initialize class org.wit.helpers.FixturesKt
	at org.wit.controllers.MeasurementTrackerAPITest$DeleteMeasurements.deleting an measurement by id when it exists, returns a 204 response(MeasurementTrackerAPITest.kt:218)
</error>
  </testcase>
  <testcase name="deleting all measurements by userid when it exists, returns a 204 response" classname="org.wit.controllers.MeasurementTrackerAPITest$DeleteMeasurements" time="0">
    <error message="Could not initialize class org.wit.helpers.FixturesKt" type="java.lang.NoClassDefFoundError">java.lang.NoClassDefFoundError: Could not initialize class org.wit.helpers.FixturesKt
	at org.wit.controllers.MeasurementTrackerAPITest$DeleteMeasurements.deleting all measurements by userid when it exists, returns a 204 response(MeasurementTrackerAPITest.kt:236)
</error>
  </testcase>
  <testcase name="deleting an measurement by measurement id when it doesn&apos;t exist, returns a 404 response" classname="org.wit.controllers.MeasurementTrackerAPITest$DeleteMeasurements" time="0">
    <error message="Could not initialize class org.wit.helpers.FixturesKt" type="java.lang.NoClassDefFoundError">java.lang.NoClassDefFoundError: Could not initialize class org.wit.helpers.FixturesKt
	at org.wit.controllers.MeasurementTrackerAPITest$DeleteMeasurements.deleting an measurement by measurement id when it doesn't exist, returns a 404 response(MeasurementTrackerAPITest.kt:205)
</error>
  </testcase>
  <testcase name="deleting measurements by user id when it doesn&apos;t exist, returns a 404 response" classname="org.wit.controllers.MeasurementTrackerAPITest$DeleteMeasurements" time="0">
    <error message="Could not initialize class org.wit.helpers.FixturesKt" type="java.lang.NoClassDefFoundError">java.lang.NoClassDefFoundError: Could not initialize class org.wit.helpers.FixturesKt
	at org.wit.controllers.MeasurementTrackerAPITest$DeleteMeasurements.deleting measurements by user id when it doesn't exist, returns a 404 response(MeasurementTrackerAPITest.kt:211)
</error>
  </testcase>
</testsuite>