<?xml version="1.0" encoding="UTF-8"?>
<testsuite xmlns:xsi="http://www.w3.org/2001/XMLSchema-instance" xsi:noNamespaceSchemaLocation="https://maven.apache.org/surefire/maven-surefire-plugin/xsd/surefire-test-report.xsd" name="org.wit.controllers.FoodTrackerAPITest" time="58.86" tests="14" errors="0" skipped="0" failures="0">
  <properties>
[...]
</properties>
  <testcase name="add a food when no user exists for it, returns a 404 response" classname="org.wit.controllers.FoodTrackerAPITest$CreateFoods" time="5.434"/>
  <testcase name="add a food when a user exists for it, returns a 201 response" classname="org.wit.controllers.FoodTrackerAPITest$CreateFoods" time="4.146"/>
  <testcase name="get all foods from the database returns 200 or 404 response" classname="org.wit.controllers.FoodTrackerAPITest$ReadFoods" time="1.172"/>
  <testcase name="get all foods by user id when user and foods exists returns 200 response" classname="org.wit.controllers.FoodTrackerAPITest$ReadFoods" time="9.938"/>
  <testcase name="get all foods by user id when no user exists returns 404 response" classname="org.wit.controllers.FoodTrackerAPITest$ReadFoods" time="1.009"/>
  <testcase name="get all foods by user id when no foods exist returns 404 response" classname="org.wit.controllers.FoodTrackerAPITest$ReadFoods" time="3.918"/>
  <testcase name="get food by food id when food exists returns 200 response" classname="org.wit.controllers.FoodTrackerAPITest$ReadFoods" time="4.955"/>
  <testcase name="get food by food id when no food exists returns 404 response" classname="org.wit.controllers.FoodTrackerAPITest$ReadFoods" time="0.974"/>
  <testcase name="updating an food by food id when it exists, returns 204 response" classname="org.wit.controllers.FoodTrackerAPITest$UpdateFoods" time="5.995"/>
  <testcase name="updating an food by food id when it doesn&apos;t exist, returns a 404 response" classname="org.wit.controllers.FoodTrackerAPITest$UpdateFoods" time="1.966"/>
  <testcase name="deleting an food by id when it exists, returns a 204 response" classname="org.wit.controllers.FoodTrackerAPITest$DeleteFoods" time="4.911"/>
  <testcase name="deleting an food by food id when it doesn&apos;t exist, returns a 404 response" classname="org.wit.controllers.FoodTrackerAPITest$DeleteFoods" time="0.991"/>
  <testcase name="deleting foods by user id when it doesn&apos;t exist, returns a 404 response" classname="org.wit.controllers.FoodTrackerAPITest$DeleteFoods" time="0.969"/>
  <testcase name="deleting all foods by userid when it exists, returns a 204 response" classname="org.wit.controllers.FoodTrackerAPITest$DeleteFoods" time="10.804"/>
</testsuite>